<?xml version="1.0" encoding="UTF-8"?>
<!-- Generated by org.testng.reporters.JUnitReportReporter -->
<testsuite hostname="Home-Laptop" failures="0" tests="10" name="com.mindtree.runner.runner" time="66.777" errors="0" timestamp="2021-09-29T10:55:36 IST" skipped="0">
  <testcase classname="com.mindtree.runner.runner" name="signup" time="13.949"/>
  <system-out/>
  <testcase classname="com.mindtree.runner.runner" name="detailsupdate" time="8.737"/>
  <system-out/>
  <testcase classname="com.mindtree.runner.runner" name="store" time="8.658"/>
  <system-out/>
  <testcase classname="com.mindtree.runner.runner" name="cusStories" time="4.294"/>
  <system-out/>
  <testcase classname="com.mindtree.runner.runner" name="abtcompany" time="1.907"/>
  <system-out/>
  <testcase classname="com.mindtree.runner.runner" name="search" time="4.277"/>
  <system-out/>
  <testcase classname="com.mindtree.runner.runner" name="addcart" time="10.441"/>
  <system-out/>
  <testcase classname="com.mindtree.runner.runner" name="EMI" time="6.492"/>
  <system-out/>
  <testcase classname="com.mindtree.runner.runner" name="giveaway" time="3.131"/>
  <system-out/>
  <testcase classname="com.mindtree.runner.runner" name="logout" time="4.891"/>
  <system-out/>
</testsuite> <!-- com.mindtree.runner.runner -->
